Determining if the function crc32c_value exists in the crc32c failed with the following output:
Change Dir: /home/edidada/Project/leveldb/cmake-build-debug/CMakeFiles/CMakeTmp

Run Build Command:"/usr/local/bin/make" "cmTC_92643/fast"
/usr/local/bin/make -f CMakeFiles/cmTC_92643.dir/build.make CMakeFiles/cmTC_92643.dir/build
make[1]: Entering directory `/home/edidada/Project/leveldb/cmake-build-debug/CMakeFiles/CMakeTmp'
Building C object CMakeFiles/cmTC_92643.dir/CheckFunctionExists.c.o
/usr/bin/gcc   -DCHECK_FUNCTION_EXISTS=crc32c_value   -std=c11 -o CMakeFiles/cmTC_92643.dir/CheckFunctionExists.c.o   -c /home/edidada/clion-2018.2.6/bin/cmake/linux/share/cmake-3.12/Modules/CheckFunctionExists.c
Linking C executable cmTC_92643
/home/edidada/clion-2018.2.6/bin/cmake/linux/bin/cmake -E cmake_link_script CMakeFiles/cmTC_92643.dir/link.txt --verbose=1
/usr/bin/gcc  -DCHECK_FUNCTION_EXISTS=crc32c_value    CMakeFiles/cmTC_92643.dir/CheckFunctionExists.c.o  -o cmTC_92643 -lcrc32c 
/usr/bin/ld: 找不到 -lcrc32c
collect2: error: ld returned 1 exit status
make[1]: *** [cmTC_92643] 错误 1
make[1]: Leaving directory `/home/edidada/Project/leveldb/cmake-build-debug/CMakeFiles/CMakeTmp'
make: *** [cmTC_92643/fast] 错误 2


Determining if the function snappy_compress exists in the snappy failed with the following output:
Change Dir: /home/edidada/Project/leveldb/cmake-build-debug/CMakeFiles/CMakeTmp

Run Build Command:"/usr/local/bin/make" "cmTC_f36d7/fast"
/usr/local/bin/make -f CMakeFiles/cmTC_f36d7.dir/build.make CMakeFiles/cmTC_f36d7.dir/build
make[1]: Entering directory `/home/edidada/Project/leveldb/cmake-build-debug/CMakeFiles/CMakeTmp'
Building C object CMakeFiles/cmTC_f36d7.dir/CheckFunctionExists.c.o
/usr/bin/gcc   -DCHECK_FUNCTION_EXISTS=snappy_compress   -std=c11 -o CMakeFiles/cmTC_f36d7.dir/CheckFunctionExists.c.o   -c /home/edidada/clion-2018.2.6/bin/cmake/linux/share/cmake-3.12/Modules/CheckFunctionExists.c
Linking C executable cmTC_f36d7
/home/edidada/clion-2018.2.6/bin/cmake/linux/bin/cmake -E cmake_link_script CMakeFiles/cmTC_f36d7.dir/link.txt --verbose=1
/usr/bin/gcc  -DCHECK_FUNCTION_EXISTS=snappy_compress    CMakeFiles/cmTC_f36d7.dir/CheckFunctionExists.c.o  -o cmTC_f36d7 -lsnappy 
/usr/bin/ld: 找不到 -lsnappy
collect2: error: ld returned 1 exit status
make[1]: *** [cmTC_f36d7] 错误 1
make[1]: Leaving directory `/home/edidada/Project/leveldb/cmake-build-debug/CMakeFiles/CMakeTmp'
make: *** [cmTC_f36d7/fast] 错误 2


Determining if the function malloc exists in the tcmalloc failed with the following output:
Change Dir: /home/edidada/Project/leveldb/cmake-build-debug/CMakeFiles/CMakeTmp

Run Build Command:"/usr/local/bin/make" "cmTC_8f4a4/fast"
/usr/local/bin/make -f CMakeFiles/cmTC_8f4a4.dir/build.make CMakeFiles/cmTC_8f4a4.dir/build
make[1]: Entering directory `/home/edidada/Project/leveldb/cmake-build-debug/CMakeFiles/CMakeTmp'
Building C object CMakeFiles/cmTC_8f4a4.dir/CheckFunctionExists.c.o
/usr/bin/gcc   -DCHECK_FUNCTION_EXISTS=malloc   -std=c11 -o CMakeFiles/cmTC_8f4a4.dir/CheckFunctionExists.c.o   -c /home/edidada/clion-2018.2.6/bin/cmake/linux/share/cmake-3.12/Modules/CheckFunctionExists.c
<command-line>:0:23: warning: conflicting types for built-in function ‘malloc’
/home/edidada/clion-2018.2.6/bin/cmake/linux/share/cmake-3.12/Modules/CheckFunctionExists.c:7:3: note: in expansion of macro ‘CHECK_FUNCTION_EXISTS’
   CHECK_FUNCTION_EXISTS(void);
   ^
Linking C executable cmTC_8f4a4
/home/edidada/clion-2018.2.6/bin/cmake/linux/bin/cmake -E cmake_link_script CMakeFiles/cmTC_8f4a4.dir/link.txt --verbose=1
/usr/bin/gcc  -DCHECK_FUNCTION_EXISTS=malloc    CMakeFiles/cmTC_8f4a4.dir/CheckFunctionExists.c.o  -o cmTC_8f4a4 -ltcmalloc 
/usr/bin/ld: 找不到 -ltcmalloc
collect2: error: ld returned 1 exit status
make[1]: *** [cmTC_8f4a4] 错误 1
make[1]: Leaving directory `/home/edidada/Project/leveldb/cmake-build-debug/CMakeFiles/CMakeTmp'
make: *** [cmTC_8f4a4/fast] 错误 2


Determining if the fdatasync exist failed with the following output:
Change Dir: /home/edidada/Project/leveldb/cmake-build-debug/CMakeFiles/CMakeTmp

Run Build Command:"/usr/local/bin/make" "cmTC_c2aec/fast"
/usr/local/bin/make -f CMakeFiles/cmTC_c2aec.dir/build.make CMakeFiles/cmTC_c2aec.dir/build
make[1]: Entering directory `/home/edidada/Project/leveldb/cmake-build-debug/CMakeFiles/CMakeTmp'
Building C object CMakeFiles/cmTC_c2aec.dir/CheckSymbolExists.c.o
/usr/bin/gcc   -std=c11 -o CMakeFiles/cmTC_c2aec.dir/CheckSymbolExists.c.o   -c /home/edidada/Project/leveldb/cmake-build-debug/CMakeFiles/CMakeTmp/CheckSymbolExists.c
/home/edidada/Project/leveldb/cmake-build-debug/CMakeFiles/CMakeTmp/CheckSymbolExists.c: In function ‘main’:
/home/edidada/Project/leveldb/cmake-build-debug/CMakeFiles/CMakeTmp/CheckSymbolExists.c:8:19: error: ‘fdatasync’ undeclared (first use in this function)
   return ((int*)(&fdatasync))[argc];
                   ^
/home/edidada/Project/leveldb/cmake-build-debug/CMakeFiles/CMakeTmp/CheckSymbolExists.c:8:19: note: each undeclared identifier is reported only once for each function it appears in
make[1]: *** [CMakeFiles/cmTC_c2aec.dir/CheckSymbolExists.c.o] 错误 1
make[1]: Leaving directory `/home/edidada/Project/leveldb/cmake-build-debug/CMakeFiles/CMakeTmp'
make: *** [cmTC_c2aec/fast] 错误 2

File /home/edidada/Project/leveldb/cmake-build-debug/CMakeFiles/CMakeTmp/CheckSymbolExists.c:
/* */
#include <unistd.h>

int main(int argc, char** argv)
{
  (void)argv;
#ifndef fdatasync
  return ((int*)(&fdatasync))[argc];
#else
  (void)argc;
  return 0;
#endif
}

Performing C++ SOURCE FILE Test HAVE_CLANG_THREAD_SAFETY failed with the following output:
Change Dir: /home/edidada/Project/leveldb/cmake-build-debug/CMakeFiles/CMakeTmp

Run Build Command:"/usr/local/bin/make" "cmTC_3bf61/fast"
/usr/local/bin/make -f CMakeFiles/cmTC_3bf61.dir/build.make CMakeFiles/cmTC_3bf61.dir/build
make[1]: Entering directory `/home/edidada/Project/leveldb/cmake-build-debug/CMakeFiles/CMakeTmp'
Building CXX object CMakeFiles/cmTC_3bf61.dir/src.cxx.o
/usr/bin/g++    -DHAVE_CLANG_THREAD_SAFETY -Werror   -std=c++11 -o CMakeFiles/cmTC_3bf61.dir/src.cxx.o -c /home/edidada/Project/leveldb/cmake-build-debug/CMakeFiles/CMakeTmp/src.cxx
/home/edidada/Project/leveldb/cmake-build-debug/CMakeFiles/CMakeTmp/src.cxx:2:34: error: ‘lockable’ attribute directive ignored [-Werror=attributes]
 struct __attribute__((lockable)) Lock {
                                  ^
/home/edidada/Project/leveldb/cmake-build-debug/CMakeFiles/CMakeTmp/src.cxx:3:59: error: ‘exclusive_lock_function’ attribute directive ignored [-Werror=attributes]
   void Acquire() __attribute__((exclusive_lock_function()));
                                                           ^
/home/edidada/Project/leveldb/cmake-build-debug/CMakeFiles/CMakeTmp/src.cxx:4:51: error: ‘unlock_function’ attribute directive ignored [-Werror=attributes]
   void Release() __attribute__((unlock_function()));
                                                   ^
/home/edidada/Project/leveldb/cmake-build-debug/CMakeFiles/CMakeTmp/src.cxx:8:46: error: ‘guarded_by’ attribute directive ignored [-Werror=attributes]
   int data_ __attribute__((guarded_by(lock_)));
                                              ^
cc1plus: all warnings being treated as errors
make[1]: *** [CMakeFiles/cmTC_3bf61.dir/src.cxx.o] 错误 1
make[1]: Leaving directory `/home/edidada/Project/leveldb/cmake-build-debug/CMakeFiles/CMakeTmp'
make: *** [cmTC_3bf61/fast] 错误 2

Source file was:

struct __attribute__((lockable)) Lock {
  void Acquire() __attribute__((exclusive_lock_function()));
  void Release() __attribute__((unlock_function()));
};
struct ThreadSafeType {
  Lock lock_;
  int data_ __attribute__((guarded_by(lock_)));
};
int main() { return 0; }

Determining if the pthread_create exist failed with the following output:
Change Dir: /home/edidada/Project/leveldb/cmake-build-debug/CMakeFiles/CMakeTmp

Run Build Command:"/usr/local/bin/make" "cmTC_e29f4/fast"
/usr/local/bin/make -f CMakeFiles/cmTC_e29f4.dir/build.make CMakeFiles/cmTC_e29f4.dir/build
make[1]: Entering directory `/home/edidada/Project/leveldb/cmake-build-debug/CMakeFiles/CMakeTmp'
Building C object CMakeFiles/cmTC_e29f4.dir/CheckSymbolExists.c.o
/usr/bin/gcc   -std=c11 -o CMakeFiles/cmTC_e29f4.dir/CheckSymbolExists.c.o   -c /home/edidada/Project/leveldb/cmake-build-debug/CMakeFiles/CMakeTmp/CheckSymbolExists.c
Linking C executable cmTC_e29f4
/home/edidada/clion-2018.2.6/bin/cmake/linux/bin/cmake -E cmake_link_script CMakeFiles/cmTC_e29f4.dir/link.txt --verbose=1
/usr/bin/gcc      CMakeFiles/cmTC_e29f4.dir/CheckSymbolExists.c.o  -o cmTC_e29f4 
CMakeFiles/cmTC_e29f4.dir/CheckSymbolExists.c.o：在函数‘main’中：
CheckSymbolExists.c:(.text+0x16)：对‘pthread_create’未定义的引用
collect2: error: ld returned 1 exit status
make[1]: *** [cmTC_e29f4] 错误 1
make[1]: Leaving directory `/home/edidada/Project/leveldb/cmake-build-debug/CMakeFiles/CMakeTmp'
make: *** [cmTC_e29f4/fast] 错误 2

File /home/edidada/Project/leveldb/cmake-build-debug/CMakeFiles/CMakeTmp/CheckSymbolExists.c:
/* */
#include <pthread.h>

int main(int argc, char** argv)
{
  (void)argv;
#ifndef pthread_create
  return ((int*)(&pthread_create))[argc];
#else
  (void)argc;
  return 0;
#endif
}

Determining if the function pthread_create exists in the pthreads failed with the following output:
Change Dir: /home/edidada/Project/leveldb/cmake-build-debug/CMakeFiles/CMakeTmp

Run Build Command:"/usr/local/bin/make" "cmTC_4cac2/fast"
/usr/local/bin/make -f CMakeFiles/cmTC_4cac2.dir/build.make CMakeFiles/cmTC_4cac2.dir/build
make[1]: Entering directory `/home/edidada/Project/leveldb/cmake-build-debug/CMakeFiles/CMakeTmp'
Building C object CMakeFiles/cmTC_4cac2.dir/CheckFunctionExists.c.o
/usr/bin/gcc   -DCHECK_FUNCTION_EXISTS=pthread_create   -std=c11 -o CMakeFiles/cmTC_4cac2.dir/CheckFunctionExists.c.o   -c /home/edidada/clion-2018.2.6/bin/cmake/linux/share/cmake-3.12/Modules/CheckFunctionExists.c
Linking C executable cmTC_4cac2
/home/edidada/clion-2018.2.6/bin/cmake/linux/bin/cmake -E cmake_link_script CMakeFiles/cmTC_4cac2.dir/link.txt --verbose=1
/usr/bin/gcc  -DCHECK_FUNCTION_EXISTS=pthread_create    CMakeFiles/cmTC_4cac2.dir/CheckFunctionExists.c.o  -o cmTC_4cac2 -lpthreads 
/usr/bin/ld: 找不到 -lpthreads
collect2: error: ld returned 1 exit status
make[1]: *** [cmTC_4cac2] 错误 1
make[1]: Leaving directory `/home/edidada/Project/leveldb/cmake-build-debug/CMakeFiles/CMakeTmp'
make: *** [cmTC_4cac2/fast] 错误 2


Performing C++ SOURCE FILE Test HAVE_KYOTOCABINET failed with the following output:
Change Dir: /home/edidada/Project/leveldb/cmake-build-debug/CMakeFiles/CMakeTmp

Run Build Command:"/usr/local/bin/make" "cmTC_1c958/fast"
/usr/local/bin/make -f CMakeFiles/cmTC_1c958.dir/build.make CMakeFiles/cmTC_1c958.dir/build
make[1]: Entering directory `/home/edidada/Project/leveldb/cmake-build-debug/CMakeFiles/CMakeTmp'
Building CXX object CMakeFiles/cmTC_1c958.dir/src.cxx.o
/usr/bin/g++    -DHAVE_KYOTOCABINET   -std=c++11 -o CMakeFiles/cmTC_1c958.dir/src.cxx.o -c /home/edidada/Project/leveldb/cmake-build-debug/CMakeFiles/CMakeTmp/src.cxx
/home/edidada/Project/leveldb/cmake-build-debug/CMakeFiles/CMakeTmp/src.cxx:2:22: fatal error: kcpolydb.h: 没有那个文件或目录
compilation terminated.
make[1]: *** [CMakeFiles/cmTC_1c958.dir/src.cxx.o] 错误 1
make[1]: Leaving directory `/home/edidada/Project/leveldb/cmake-build-debug/CMakeFiles/CMakeTmp'
make: *** [cmTC_1c958/fast] 错误 2

Source file was:

#include <kcpolydb.h>

int main() {
  kyotocabinet::TreeDB* db = new kyotocabinet::TreeDB();
  delete db;
  return 0;
}
  
